<?xml version="1.0" encoding="UTF-8"?>
<testsuite xmlns:xsi="http://www.w3.org/2001/XMLSchema-instance" xsi:noNamespaceSchemaLocation="https://maven.apache.org/surefire/maven-surefire-plugin/xsd/surefire-test-report.xsd" name="com.example.demo.DemoApplicationTests" time="2.94" tests="1" errors="0" skipped="0" failures="0">
  <properties>
    <property name="awt.toolkit" value="sun.awt.X11.XToolkit"/>
    <property name="file.encoding.pkg" value="sun.io"/>
    <property name="java.specification.version" value="1.8"/>
    <property name="sun.cpu.isalist" value=""/>
    <property name="sun.jnu.encoding" value="UTF-8"/>
    <property name="java.class.path" value="/home/ubuntu/Code/demo/target/test-classes:/home/ubuntu/Code/demo/target/classes:/home/ubuntu/Repo/org/springframework/boot/spring-boot-starter-web/2.5.5/spring-boot-starter-web-2.5.5.jar:/home/ubuntu/Repo/org/springframework/boot/spring-boot-starter/2.5.5/spring-boot-starter-2.5.5.jar:/home/ubuntu/Repo/org/springframework/boot/spring-boot/2.5.5/spring-boot-2.5.5.jar:/home/ubuntu/Repo/org/springframework/boot/spring-boot-autoconfigure/2.5.5/spring-boot-autoconfigure-2.5.5.jar:/home/ubuntu/Repo/org/springframework/boot/spring-boot-starter-logging/2.5.5/spring-boot-starter-logging-2.5.5.jar:/home/ubuntu/Repo/ch/qos/logback/logback-classic/1.2.6/logback-classic-1.2.6.jar:/home/ubuntu/Repo/ch/qos/logback/logback-core/1.2.6/logback-core-1.2.6.jar:/home/ubuntu/Repo/org/apache/logging/log4j/log4j-to-slf4j/2.14.1/log4j-to-slf4j-2.14.1.jar:/home/ubuntu/Repo/org/apache/logging/log4j/log4j-api/2.14.1/log4j-api-2.14.1.jar:/home/ubuntu/Repo/org/slf4j/jul-to-slf4j/1.7.32/jul-to-slf4j-1.7.32.jar:/home/ubuntu/Repo/jakarta/annotation/jakarta.annotation-api/1.3.5/jakarta.annotation-api-1.3.5.jar:/home/ubuntu/Repo/org/yaml/snakeyaml/1.28/snakeyaml-1.28.jar:/home/ubuntu/Repo/org/springframework/boot/spring-boot-starter-json/2.5.5/spring-boot-starter-json-2.5.5.jar:/home/ubuntu/Repo/com/fasterxml/jackson/core/jackson-databind/2.12.5/jackson-databind-2.12.5.jar:/home/ubuntu/Repo/com/fasterxml/jackson/core/jackson-annotations/2.12.5/jackson-annotations-2.12.5.jar:/home/ubuntu/Repo/com/fasterxml/jackson/core/jackson-core/2.12.5/jackson-core-2.12.5.jar:/home/ubuntu/Repo/com/fasterxml/jackson/datatype/jackson-datatype-jdk8/2.12.5/jackson-datatype-jdk8-2.12.5.jar:/home/ubuntu/Repo/com/fasterxml/jackson/datatype/jackson-datatype-jsr310/2.12.5/jackson-datatype-jsr310-2.12.5.jar:/home/ubuntu/Repo/com/fasterxml/jackson/module/jackson-module-parameter-names/2.12.5/jackson-module-parameter-names-2.12.5.jar:/home/ubuntu/Repo/org/springframework/boot/spring-boot-starter-tomcat/2.5.5/spring-boot-starter-tomcat-2.5.5.jar:/home/ubuntu/Repo/org/apache/tomcat/embed/tomcat-embed-core/9.0.53/tomcat-embed-core-9.0.53.jar:/home/ubuntu/Repo/org/apache/tomcat/embed/tomcat-embed-el/9.0.53/tomcat-embed-el-9.0.53.jar:/home/ubuntu/Repo/org/apache/tomcat/embed/tomcat-embed-websocket/9.0.53/tomcat-embed-websocket-9.0.53.jar:/home/ubuntu/Repo/org/springframework/spring-web/5.3.10/spring-web-5.3.10.jar:/home/ubuntu/Repo/org/springframework/spring-beans/5.3.10/spring-beans-5.3.10.jar:/home/ubuntu/Repo/org/springframework/spring-webmvc/5.3.10/spring-webmvc-5.3.10.jar:/home/ubuntu/Repo/org/springframework/spring-aop/5.3.10/spring-aop-5.3.10.jar:/home/ubuntu/Repo/org/springframework/spring-context/5.3.10/spring-context-5.3.10.jar:/home/ubuntu/Repo/org/springframework/spring-expression/5.3.10/spring-expression-5.3.10.jar:/home/ubuntu/Repo/org/springframework/boot/spring-boot-starter-test/2.5.5/spring-boot-starter-test-2.5.5.jar:/home/ubuntu/Repo/org/springframework/boot/spring-boot-test/2.5.5/spring-boot-test-2.5.5.jar:/home/ubuntu/Repo/org/springframework/boot/spring-boot-test-autoconfigure/2.5.5/spring-boot-test-autoconfigure-2.5.5.jar:/home/ubuntu/Repo/com/jayway/jsonpath/json-path/2.5.0/json-path-2.5.0.jar:/home/ubuntu/Repo/net/minidev/json-smart/2.4.7/json-smart-2.4.7.jar:/home/ubuntu/Repo/net/minidev/accessors-smart/2.4.7/accessors-smart-2.4.7.jar:/home/ubuntu/Repo/org/ow2/asm/asm/9.1/asm-9.1.jar:/home/ubuntu/Repo/org/slf4j/slf4j-api/1.7.32/slf4j-api-1.7.32.jar:/home/ubuntu/Repo/jakarta/xml/bind/jakarta.xml.bind-api/2.3.3/jakarta.xml.bind-api-2.3.3.jar:/home/ubuntu/Repo/jakarta/activation/jakarta.activation-api/1.2.2/jakarta.activation-api-1.2.2.jar:/home/ubuntu/Repo/org/assertj/assertj-core/3.19.0/assertj-core-3.19.0.jar:/home/ubuntu/Repo/org/hamcrest/hamcrest/2.2/hamcrest-2.2.jar:/home/ubuntu/Repo/org/junit/jupiter/junit-jupiter/5.7.2/junit-jupiter-5.7.2.jar:/home/ubuntu/Repo/org/junit/jupiter/junit-jupiter-api/5.7.2/junit-jupiter-api-5.7.2.jar:/home/ubuntu/Repo/org/apiguardian/apiguardian-api/1.1.0/apiguardian-api-1.1.0.jar:/home/ubuntu/Repo/org/opentest4j/opentest4j/1.2.0/opentest4j-1.2.0.jar:/home/ubuntu/Repo/org/junit/platform/junit-platform-commons/1.7.2/junit-platform-commons-1.7.2.jar:/home/ubuntu/Repo/org/junit/jupiter/junit-jupiter-params/5.7.2/junit-jupiter-params-5.7.2.jar:/home/ubuntu/Repo/org/junit/jupiter/junit-jupiter-engine/5.7.2/junit-jupiter-engine-5.7.2.jar:/home/ubuntu/Repo/org/junit/platform/junit-platform-engine/1.7.2/junit-platform-engine-1.7.2.jar:/home/ubuntu/Repo/org/mockito/mockito-core/3.9.0/mockito-core-3.9.0.jar:/home/ubuntu/Repo/net/bytebuddy/byte-buddy/1.10.22/byte-buddy-1.10.22.jar:/home/ubuntu/Repo/net/bytebuddy/byte-buddy-agent/1.10.22/byte-buddy-agent-1.10.22.jar:/home/ubuntu/Repo/org/objenesis/objenesis/3.2/objenesis-3.2.jar:/home/ubuntu/Repo/org/mockito/mockito-junit-jupiter/3.9.0/mockito-junit-jupiter-3.9.0.jar:/home/ubuntu/Repo/org/skyscreamer/jsonassert/1.5.0/jsonassert-1.5.0.jar:/home/ubuntu/Repo/com/vaadin/external/google/android-json/0.0.20131108.vaadin1/android-json-0.0.20131108.vaadin1.jar:/home/ubuntu/Repo/org/springframework/spring-core/5.3.10/spring-core-5.3.10.jar:/home/ubuntu/Repo/org/springframework/spring-jcl/5.3.10/spring-jcl-5.3.10.jar:/home/ubuntu/Repo/org/springframework/spring-test/5.3.10/spring-test-5.3.10.jar:/home/ubuntu/Repo/org/xmlunit/xmlunit-core/2.8.2/xmlunit-core-2.8.2.jar:/home/ubuntu/Repo/org/apache/hadoop/hadoop-client/2.7.1/hadoop-client-2.7.1.jar:/home/ubuntu/Repo/org/apache/hadoop/hadoop-common/2.7.1/hadoop-common-2.7.1.jar:/home/ubuntu/Repo/com/google/guava/guava/11.0.2/guava-11.0.2.jar:/home/ubuntu/Repo/commons-cli/commons-cli/1.2/commons-cli-1.2.jar:/home/ubuntu/Repo/org/apache/commons/commons-math3/3.1.1/commons-math3-3.1.1.jar:/home/ubuntu/Repo/xmlenc/xmlenc/0.52/xmlenc-0.52.jar:/home/ubuntu/Repo/commons-httpclient/commons-httpclient/3.1/commons-httpclient-3.1.jar:/home/ubuntu/Repo/commons-codec/commons-codec/1.15/commons-codec-1.15.jar:/home/ubuntu/Repo/commons-io/commons-io/2.4/commons-io-2.4.jar:/home/ubuntu/Repo/commons-net/commons-net/3.1/commons-net-3.1.jar:/home/ubuntu/Repo/commons-collections/commons-collections/3.2.1/commons-collections-3.2.1.jar:/home/ubuntu/Repo/javax/servlet/jsp/jsp-api/2.1/jsp-api-2.1.jar:/home/ubuntu/Repo/commons-logging/commons-logging/1.1.3/commons-logging-1.1.3.jar:/home/ubuntu/Repo/log4j/log4j/1.2.17/log4j-1.2.17.jar:/home/ubuntu/Repo/commons-lang/commons-lang/2.6/commons-lang-2.6.jar:/home/ubuntu/Repo/commons-configuration/commons-configuration/1.6/commons-configuration-1.6.jar:/home/ubuntu/Repo/commons-digester/commons-digester/1.8/commons-digester-1.8.jar:/home/ubuntu/Repo/commons-beanutils/commons-beanutils/1.7.0/commons-beanutils-1.7.0.jar:/home/ubuntu/Repo/commons-beanutils/commons-beanutils-core/1.8.0/commons-beanutils-core-1.8.0.jar:/home/ubuntu/Repo/org/slf4j/slf4j-log4j12/1.7.32/slf4j-log4j12-1.7.32.jar:/home/ubuntu/Repo/org/codehaus/jackson/jackson-core-asl/1.9.13/jackson-core-asl-1.9.13.jar:/home/ubuntu/Repo/org/codehaus/jackson/jackson-mapper-asl/1.9.13/jackson-mapper-asl-1.9.13.jar:/home/ubuntu/Repo/org/apache/avro/avro/1.7.4/avro-1.7.4.jar:/home/ubuntu/Repo/com/thoughtworks/paranamer/paranamer/2.3/paranamer-2.3.jar:/home/ubuntu/Repo/org/xerial/snappy/snappy-java/1.0.4.1/snappy-java-1.0.4.1.jar:/home/ubuntu/Repo/com/google/protobuf/protobuf-java/2.5.0/protobuf-java-2.5.0.jar:/home/ubuntu/Repo/com/google/code/gson/gson/2.8.8/gson-2.8.8.jar:/home/ubuntu/Repo/org/apache/hadoop/hadoop-auth/2.7.1/hadoop-auth-2.7.1.jar:/home/ubuntu/Repo/org/apache/httpcomponents/httpclient/4.5.13/httpclient-4.5.13.jar:/home/ubuntu/Repo/org/apache/httpcomponents/httpcore/4.4.14/httpcore-4.4.14.jar:/home/ubuntu/Repo/org/apache/directory/server/apacheds-kerberos-codec/2.0.0-M15/apacheds-kerberos-codec-2.0.0-M15.jar:/home/ubuntu/Repo/org/apache/directory/server/apacheds-i18n/2.0.0-M15/apacheds-i18n-2.0.0-M15.jar:/home/ubuntu/Repo/org/apache/directory/api/api-asn1-api/1.0.0-M20/api-asn1-api-1.0.0-M20.jar:/home/ubuntu/Repo/org/apache/directory/api/api-util/1.0.0-M20/api-util-1.0.0-M20.jar:/home/ubuntu/Repo/org/apache/curator/curator-framework/2.7.1/curator-framework-2.7.1.jar:/home/ubuntu/Repo/org/apache/curator/curator-client/2.7.1/curator-client-2.7.1.jar:/home/ubuntu/Repo/org/apache/curator/curator-recipes/2.7.1/curator-recipes-2.7.1.jar:/home/ubuntu/Repo/com/google/code/findbugs/jsr305/3.0.0/jsr305-3.0.0.jar:/home/ubuntu/Repo/org/apache/htrace/htrace-core/3.1.0-incubating/htrace-core-3.1.0-incubating.jar:/home/ubuntu/Repo/org/apache/zookeeper/zookeeper/3.4.6/zookeeper-3.4.6.jar:/home/ubuntu/Repo/io/netty/netty/3.7.0.Final/netty-3.7.0.Final.jar:/home/ubuntu/Repo/org/apache/commons/commons-compress/1.4.1/commons-compress-1.4.1.jar:/home/ubuntu/Repo/org/tukaani/xz/1.0/xz-1.0.jar:/home/ubuntu/Repo/org/apache/hadoop/hadoop-hdfs/2.7.1/hadoop-hdfs-2.7.1.jar:/home/ubuntu/Repo/org/mortbay/jetty/jetty-util/6.1.26/jetty-util-6.1.26.jar:/home/ubuntu/Repo/io/netty/netty-all/4.1.68.Final/netty-all-4.1.68.Final.jar:/home/ubuntu/Repo/xerces/xercesImpl/2.9.1/xercesImpl-2.9.1.jar:/home/ubuntu/Repo/xml-apis/xml-apis/1.3.04/xml-apis-1.3.04.jar:/home/ubuntu/Repo/org/fusesource/leveldbjni/leveldbjni-all/1.8/leveldbjni-all-1.8.jar:/home/ubuntu/Repo/org/apache/hadoop/hadoop-mapreduce-client-app/2.7.1/hadoop-mapreduce-client-app-2.7.1.jar:/home/ubuntu/Repo/org/apache/hadoop/hadoop-mapreduce-client-common/2.7.1/hadoop-mapreduce-client-common-2.7.1.jar:/home/ubuntu/Repo/org/apache/hadoop/hadoop-yarn-client/2.7.1/hadoop-yarn-client-2.7.1.jar:/home/ubuntu/Repo/org/apache/hadoop/hadoop-yarn-server-common/2.7.1/hadoop-yarn-server-common-2.7.1.jar:/home/ubuntu/Repo/org/apache/hadoop/hadoop-mapreduce-client-shuffle/2.7.1/hadoop-mapreduce-client-shuffle-2.7.1.jar:/home/ubuntu/Repo/org/apache/hadoop/hadoop-yarn-api/2.7.1/hadoop-yarn-api-2.7.1.jar:/home/ubuntu/Repo/org/apache/hadoop/hadoop-mapreduce-client-core/2.7.1/hadoop-mapreduce-client-core-2.7.1.jar:/home/ubuntu/Repo/org/apache/hadoop/hadoop-yarn-common/2.7.1/hadoop-yarn-common-2.7.1.jar:/home/ubuntu/Repo/javax/xml/bind/jaxb-api/2.3.1/jaxb-api-2.3.1.jar:/home/ubuntu/Repo/javax/activation/javax.activation-api/1.2.0/javax.activation-api-1.2.0.jar:/home/ubuntu/Repo/javax/servlet/servlet-api/2.5/servlet-api-2.5.jar:/home/ubuntu/Repo/com/sun/jersey/jersey-core/1.9/jersey-core-1.9.jar:/home/ubuntu/Repo/com/sun/jersey/jersey-client/1.9/jersey-client-1.9.jar:/home/ubuntu/Repo/org/codehaus/jackson/jackson-jaxrs/1.9.13/jackson-jaxrs-1.9.13.jar:/home/ubuntu/Repo/org/codehaus/jackson/jackson-xc/1.9.13/jackson-xc-1.9.13.jar:/home/ubuntu/Repo/org/apache/hadoop/hadoop-mapreduce-client-jobclient/2.7.1/hadoop-mapreduce-client-jobclient-2.7.1.jar:/home/ubuntu/Repo/org/apache/hadoop/hadoop-annotations/2.7.1/hadoop-annotations-2.7.1.jar:"/>
    <property name="java.vm.vendor" value="Oracle Corporation"/>
    <property name="sun.arch.data.model" value="64"/>
    <property name="java.vendor.url" value="http://java.oracle.com/"/>
    <property name="user.timezone" value=""/>
    <property name="java.vm.specification.version" value="1.8"/>
    <property name="os.name" value="Linux"/>
    <property name="user.country" value="US"/>
    <property name="sun.java.launcher" value="SUN_STANDARD"/>
    <property name="sun.boot.library.path" value="/opt/jdk8/jre/lib/amd64"/>
    <property name="sun.java.command" value="/home/ubuntu/Code/demo/target/surefire/surefirebooter7357834690063931524.jar /home/ubuntu/Code/demo/target/surefire 2021-11-04T14-51-36_457-jvmRun1 surefire6184260911042901396tmp surefire_0250398874954625684tmp"/>
    <property name="surefire.test.class.path" value="/home/ubuntu/Code/demo/target/test-classes:/home/ubuntu/Code/demo/target/classes:/home/ubuntu/Repo/org/springframework/boot/spring-boot-starter-web/2.5.5/spring-boot-starter-web-2.5.5.jar:/home/ubuntu/Repo/org/springframework/boot/spring-boot-starter/2.5.5/spring-boot-starter-2.5.5.jar:/home/ubuntu/Repo/org/springframework/boot/spring-boot/2.5.5/spring-boot-2.5.5.jar:/home/ubuntu/Repo/org/springframework/boot/spring-boot-autoconfigure/2.5.5/spring-boot-autoconfigure-2.5.5.jar:/home/ubuntu/Repo/org/springframework/boot/spring-boot-starter-logging/2.5.5/spring-boot-starter-logging-2.5.5.jar:/home/ubuntu/Repo/ch/qos/logback/logback-classic/1.2.6/logback-classic-1.2.6.jar:/home/ubuntu/Repo/ch/qos/logback/logback-core/1.2.6/logback-core-1.2.6.jar:/home/ubuntu/Repo/org/apache/logging/log4j/log4j-to-slf4j/2.14.1/log4j-to-slf4j-2.14.1.jar:/home/ubuntu/Repo/org/apache/logging/log4j/log4j-api/2.14.1/log4j-api-2.14.1.jar:/home/ubuntu/Repo/org/slf4j/jul-to-slf4j/1.7.32/jul-to-slf4j-1.7.32.jar:/home/ubuntu/Repo/jakarta/annotation/jakarta.annotation-api/1.3.5/jakarta.annotation-api-1.3.5.jar:/home/ubuntu/Repo/org/yaml/snakeyaml/1.28/snakeyaml-1.28.jar:/home/ubuntu/Repo/org/springframework/boot/spring-boot-starter-json/2.5.5/spring-boot-starter-json-2.5.5.jar:/home/ubuntu/Repo/com/fasterxml/jackson/core/jackson-databind/2.12.5/jackson-databind-2.12.5.jar:/home/ubuntu/Repo/com/fasterxml/jackson/core/jackson-annotations/2.12.5/jackson-annotations-2.12.5.jar:/home/ubuntu/Repo/com/fasterxml/jackson/core/jackson-core/2.12.5/jackson-core-2.12.5.jar:/home/ubuntu/Repo/com/fasterxml/jackson/datatype/jackson-datatype-jdk8/2.12.5/jackson-datatype-jdk8-2.12.5.jar:/home/ubuntu/Repo/com/fasterxml/jackson/datatype/jackson-datatype-jsr310/2.12.5/jackson-datatype-jsr310-2.12.5.jar:/home/ubuntu/Repo/com/fasterxml/jackson/module/jackson-module-parameter-names/2.12.5/jackson-module-parameter-names-2.12.5.jar:/home/ubuntu/Repo/org/springframework/boot/spring-boot-starter-tomcat/2.5.5/spring-boot-starter-tomcat-2.5.5.jar:/home/ubuntu/Repo/org/apache/tomcat/embed/tomcat-embed-core/9.0.53/tomcat-embed-core-9.0.53.jar:/home/ubuntu/Repo/org/apache/tomcat/embed/tomcat-embed-el/9.0.53/tomcat-embed-el-9.0.53.jar:/home/ubuntu/Repo/org/apache/tomcat/embed/tomcat-embed-websocket/9.0.53/tomcat-embed-websocket-9.0.53.jar:/home/ubuntu/Repo/org/springframework/spring-web/5.3.10/spring-web-5.3.10.jar:/home/ubuntu/Repo/org/springframework/spring-beans/5.3.10/spring-beans-5.3.10.jar:/home/ubuntu/Repo/org/springframework/spring-webmvc/5.3.10/spring-webmvc-5.3.10.jar:/home/ubuntu/Repo/org/springframework/spring-aop/5.3.10/spring-aop-5.3.10.jar:/home/ubuntu/Repo/org/springframework/spring-context/5.3.10/spring-context-5.3.10.jar:/home/ubuntu/Repo/org/springframework/spring-expression/5.3.10/spring-expression-5.3.10.jar:/home/ubuntu/Repo/org/springframework/boot/spring-boot-starter-test/2.5.5/spring-boot-starter-test-2.5.5.jar:/home/ubuntu/Repo/org/springframework/boot/spring-boot-test/2.5.5/spring-boot-test-2.5.5.jar:/home/ubuntu/Repo/org/springframework/boot/spring-boot-test-autoconfigure/2.5.5/spring-boot-test-autoconfigure-2.5.5.jar:/home/ubuntu/Repo/com/jayway/jsonpath/json-path/2.5.0/json-path-2.5.0.jar:/home/ubuntu/Repo/net/minidev/json-smart/2.4.7/json-smart-2.4.7.jar:/home/ubuntu/Repo/net/minidev/accessors-smart/2.4.7/accessors-smart-2.4.7.jar:/home/ubuntu/Repo/org/ow2/asm/asm/9.1/asm-9.1.jar:/home/ubuntu/Repo/org/slf4j/slf4j-api/1.7.32/slf4j-api-1.7.32.jar:/home/ubuntu/Repo/jakarta/xml/bind/jakarta.xml.bind-api/2.3.3/jakarta.xml.bind-api-2.3.3.jar:/home/ubuntu/Repo/jakarta/activation/jakarta.activation-api/1.2.2/jakarta.activation-api-1.2.2.jar:/home/ubuntu/Repo/org/assertj/assertj-core/3.19.0/assertj-core-3.19.0.jar:/home/ubuntu/Repo/org/hamcrest/hamcrest/2.2/hamcrest-2.2.jar:/home/ubuntu/Repo/org/junit/jupiter/junit-jupiter/5.7.2/junit-jupiter-5.7.2.jar:/home/ubuntu/Repo/org/junit/jupiter/junit-jupiter-api/5.7.2/junit-jupiter-api-5.7.2.jar:/home/ubuntu/Repo/org/apiguardian/apiguardian-api/1.1.0/apiguardian-api-1.1.0.jar:/home/ubuntu/Repo/org/opentest4j/opentest4j/1.2.0/opentest4j-1.2.0.jar:/home/ubuntu/Repo/org/junit/platform/junit-platform-commons/1.7.2/junit-platform-commons-1.7.2.jar:/home/ubuntu/Repo/org/junit/jupiter/junit-jupiter-params/5.7.2/junit-jupiter-params-5.7.2.jar:/home/ubuntu/Repo/org/junit/jupiter/junit-jupiter-engine/5.7.2/junit-jupiter-engine-5.7.2.jar:/home/ubuntu/Repo/org/junit/platform/junit-platform-engine/1.7.2/junit-platform-engine-1.7.2.jar:/home/ubuntu/Repo/org/mockito/mockito-core/3.9.0/mockito-core-3.9.0.jar:/home/ubuntu/Repo/net/bytebuddy/byte-buddy/1.10.22/byte-buddy-1.10.22.jar:/home/ubuntu/Repo/net/bytebuddy/byte-buddy-agent/1.10.22/byte-buddy-agent-1.10.22.jar:/home/ubuntu/Repo/org/objenesis/objenesis/3.2/objenesis-3.2.jar:/home/ubuntu/Repo/org/mockito/mockito-junit-jupiter/3.9.0/mockito-junit-jupiter-3.9.0.jar:/home/ubuntu/Repo/org/skyscreamer/jsonassert/1.5.0/jsonassert-1.5.0.jar:/home/ubuntu/Repo/com/vaadin/external/google/android-json/0.0.20131108.vaadin1/android-json-0.0.20131108.vaadin1.jar:/home/ubuntu/Repo/org/springframework/spring-core/5.3.10/spring-core-5.3.10.jar:/home/ubuntu/Repo/org/springframework/spring-jcl/5.3.10/spring-jcl-5.3.10.jar:/home/ubuntu/Repo/org/springframework/spring-test/5.3.10/spring-test-5.3.10.jar:/home/ubuntu/Repo/org/xmlunit/xmlunit-core/2.8.2/xmlunit-core-2.8.2.jar:/home/ubuntu/Repo/org/apache/hadoop/hadoop-client/2.7.1/hadoop-client-2.7.1.jar:/home/ubuntu/Repo/org/apache/hadoop/hadoop-common/2.7.1/hadoop-common-2.7.1.jar:/home/ubuntu/Repo/com/google/guava/guava/11.0.2/guava-11.0.2.jar:/home/ubuntu/Repo/commons-cli/commons-cli/1.2/commons-cli-1.2.jar:/home/ubuntu/Repo/org/apache/commons/commons-math3/3.1.1/commons-math3-3.1.1.jar:/home/ubuntu/Repo/xmlenc/xmlenc/0.52/xmlenc-0.52.jar:/home/ubuntu/Repo/commons-httpclient/commons-httpclient/3.1/commons-httpclient-3.1.jar:/home/ubuntu/Repo/commons-codec/commons-codec/1.15/commons-codec-1.15.jar:/home/ubuntu/Repo/commons-io/commons-io/2.4/commons-io-2.4.jar:/home/ubuntu/Repo/commons-net/commons-net/3.1/commons-net-3.1.jar:/home/ubuntu/Repo/commons-collections/commons-collections/3.2.1/commons-collections-3.2.1.jar:/home/ubuntu/Repo/javax/servlet/jsp/jsp-api/2.1/jsp-api-2.1.jar:/home/ubuntu/Repo/commons-logging/commons-logging/1.1.3/commons-logging-1.1.3.jar:/home/ubuntu/Repo/log4j/log4j/1.2.17/log4j-1.2.17.jar:/home/ubuntu/Repo/commons-lang/commons-lang/2.6/commons-lang-2.6.jar:/home/ubuntu/Repo/commons-configuration/commons-configuration/1.6/commons-configuration-1.6.jar:/home/ubuntu/Repo/commons-digester/commons-digester/1.8/commons-digester-1.8.jar:/home/ubuntu/Repo/commons-beanutils/commons-beanutils/1.7.0/commons-beanutils-1.7.0.jar:/home/ubuntu/Repo/commons-beanutils/commons-beanutils-core/1.8.0/commons-beanutils-core-1.8.0.jar:/home/ubuntu/Repo/org/slf4j/slf4j-log4j12/1.7.32/slf4j-log4j12-1.7.32.jar:/home/ubuntu/Repo/org/codehaus/jackson/jackson-core-asl/1.9.13/jackson-core-asl-1.9.13.jar:/home/ubuntu/Repo/org/codehaus/jackson/jackson-mapper-asl/1.9.13/jackson-mapper-asl-1.9.13.jar:/home/ubuntu/Repo/org/apache/avro/avro/1.7.4/avro-1.7.4.jar:/home/ubuntu/Repo/com/thoughtworks/paranamer/paranamer/2.3/paranamer-2.3.jar:/home/ubuntu/Repo/org/xerial/snappy/snappy-java/1.0.4.1/snappy-java-1.0.4.1.jar:/home/ubuntu/Repo/com/google/protobuf/protobuf-java/2.5.0/protobuf-java-2.5.0.jar:/home/ubuntu/Repo/com/google/code/gson/gson/2.8.8/gson-2.8.8.jar:/home/ubuntu/Repo/org/apache/hadoop/hadoop-auth/2.7.1/hadoop-auth-2.7.1.jar:/home/ubuntu/Repo/org/apache/httpcomponents/httpclient/4.5.13/httpclient-4.5.13.jar:/home/ubuntu/Repo/org/apache/httpcomponents/httpcore/4.4.14/httpcore-4.4.14.jar:/home/ubuntu/Repo/org/apache/directory/server/apacheds-kerberos-codec/2.0.0-M15/apacheds-kerberos-codec-2.0.0-M15.jar:/home/ubuntu/Repo/org/apache/directory/server/apacheds-i18n/2.0.0-M15/apacheds-i18n-2.0.0-M15.jar:/home/ubuntu/Repo/org/apache/directory/api/api-asn1-api/1.0.0-M20/api-asn1-api-1.0.0-M20.jar:/home/ubuntu/Repo/org/apache/directory/api/api-util/1.0.0-M20/api-util-1.0.0-M20.jar:/home/ubuntu/Repo/org/apache/curator/curator-framework/2.7.1/curator-framework-2.7.1.jar:/home/ubuntu/Repo/org/apache/curator/curator-client/2.7.1/curator-client-2.7.1.jar:/home/ubuntu/Repo/org/apache/curator/curator-recipes/2.7.1/curator-recipes-2.7.1.jar:/home/ubuntu/Repo/com/google/code/findbugs/jsr305/3.0.0/jsr305-3.0.0.jar:/home/ubuntu/Repo/org/apache/htrace/htrace-core/3.1.0-incubating/htrace-core-3.1.0-incubating.jar:/home/ubuntu/Repo/org/apache/zookeeper/zookeeper/3.4.6/zookeeper-3.4.6.jar:/home/ubuntu/Repo/io/netty/netty/3.7.0.Final/netty-3.7.0.Final.jar:/home/ubuntu/Repo/org/apache/commons/commons-compress/1.4.1/commons-compress-1.4.1.jar:/home/ubuntu/Repo/org/tukaani/xz/1.0/xz-1.0.jar:/home/ubuntu/Repo/org/apache/hadoop/hadoop-hdfs/2.7.1/hadoop-hdfs-2.7.1.jar:/home/ubuntu/Repo/org/mortbay/jetty/jetty-util/6.1.26/jetty-util-6.1.26.jar:/home/ubuntu/Repo/io/netty/netty-all/4.1.68.Final/netty-all-4.1.68.Final.jar:/home/ubuntu/Repo/xerces/xercesImpl/2.9.1/xercesImpl-2.9.1.jar:/home/ubuntu/Repo/xml-apis/xml-apis/1.3.04/xml-apis-1.3.04.jar:/home/ubuntu/Repo/org/fusesource/leveldbjni/leveldbjni-all/1.8/leveldbjni-all-1.8.jar:/home/ubuntu/Repo/org/apache/hadoop/hadoop-mapreduce-client-app/2.7.1/hadoop-mapreduce-client-app-2.7.1.jar:/home/ubuntu/Repo/org/apache/hadoop/hadoop-mapreduce-client-common/2.7.1/hadoop-mapreduce-client-common-2.7.1.jar:/home/ubuntu/Repo/org/apache/hadoop/hadoop-yarn-client/2.7.1/hadoop-yarn-client-2.7.1.jar:/home/ubuntu/Repo/org/apache/hadoop/hadoop-yarn-server-common/2.7.1/hadoop-yarn-server-common-2.7.1.jar:/home/ubuntu/Repo/org/apache/hadoop/hadoop-mapreduce-client-shuffle/2.7.1/hadoop-mapreduce-client-shuffle-2.7.1.jar:/home/ubuntu/Repo/org/apache/hadoop/hadoop-yarn-api/2.7.1/hadoop-yarn-api-2.7.1.jar:/home/ubuntu/Repo/org/apache/hadoop/hadoop-mapreduce-client-core/2.7.1/hadoop-mapreduce-client-core-2.7.1.jar:/home/ubuntu/Repo/org/apache/hadoop/hadoop-yarn-common/2.7.1/hadoop-yarn-common-2.7.1.jar:/home/ubuntu/Repo/javax/xml/bind/jaxb-api/2.3.1/jaxb-api-2.3.1.jar:/home/ubuntu/Repo/javax/activation/javax.activation-api/1.2.0/javax.activation-api-1.2.0.jar:/home/ubuntu/Repo/javax/servlet/servlet-api/2.5/servlet-api-2.5.jar:/home/ubuntu/Repo/com/sun/jersey/jersey-core/1.9/jersey-core-1.9.jar:/home/ubuntu/Repo/com/sun/jersey/jersey-client/1.9/jersey-client-1.9.jar:/home/ubuntu/Repo/org/codehaus/jackson/jackson-jaxrs/1.9.13/jackson-jaxrs-1.9.13.jar:/home/ubuntu/Repo/org/codehaus/jackson/jackson-xc/1.9.13/jackson-xc-1.9.13.jar:/home/ubuntu/Repo/org/apache/hadoop/hadoop-mapreduce-client-jobclient/2.7.1/hadoop-mapreduce-client-jobclient-2.7.1.jar:/home/ubuntu/Repo/org/apache/hadoop/hadoop-annotations/2.7.1/hadoop-annotations-2.7.1.jar:"/>
    <property name="sun.cpu.endian" value="little"/>
    <property name="user.home" value="/home/ubuntu"/>
    <property name="user.language" value="en"/>
    <property name="java.specification.vendor" value="Oracle Corporation"/>
    <property name="java.home" value="/opt/jdk8/jre"/>
    <property name="basedir" value="/home/ubuntu/Code/demo"/>
    <property name="file.separator" value="/"/>
    <property name="line.separator" value="&#10;"/>
    <property name="java.vm.specification.vendor" value="Oracle Corporation"/>
    <property name="java.specification.name" value="Java Platform API Specification"/>
    <property name="java.awt.graphicsenv" value="sun.awt.X11GraphicsEnvironment"/>
    <property name="surefire.real.class.path" value="/home/ubuntu/Code/demo/target/surefire/surefirebooter7357834690063931524.jar"/>
    <property name="sun.boot.class.path" value="/opt/jdk8/jre/lib/resources.jar:/opt/jdk8/jre/lib/rt.jar:/opt/jdk8/jre/lib/sunrsasign.jar:/opt/jdk8/jre/lib/jsse.jar:/opt/jdk8/jre/lib/jce.jar:/opt/jdk8/jre/lib/charsets.jar:/opt/jdk8/jre/lib/jfr.jar:/opt/jdk8/jre/classes"/>
    <property name="sun.management.compiler" value="HotSpot 64-Bit Tiered Compilers"/>
    <property name="java.runtime.version" value="1.8.0_231-b11"/>
    <property name="user.name" value="ubuntu"/>
    <property name="path.separator" value=":"/>
    <property name="os.version" value="4.4.0-210-generic"/>
    <property name="java.endorsed.dirs" value="/opt/jdk8/jre/lib/endorsed"/>
    <property name="java.runtime.name" value="Java(TM) SE Runtime Environment"/>
    <property name="file.encoding" value="UTF-8"/>
    <property name="java.vm.name" value="Java HotSpot(TM) 64-Bit Server VM"/>
    <property name="localRepository" value="/home/ubuntu/Repo"/>
    <property name="java.vendor.url.bug" value="http://bugreport.sun.com/bugreport/"/>
    <property name="java.io.tmpdir" value="/tmp"/>
    <property name="java.version" value="1.8.0_231"/>
    <property name="user.dir" value="/home/ubuntu/Code/demo"/>
    <property name="os.arch" value="amd64"/>
    <property name="java.vm.specification.name" value="Java Virtual Machine Specification"/>
    <property name="java.awt.printerjob" value="sun.print.PSPrinterJob"/>
    <property name="sun.os.patch.level" value="unknown"/>
    <property name="java.library.path" value="/usr/java/packages/lib/amd64:/usr/lib64:/lib64:/lib:/usr/lib"/>
    <property name="java.vm.info" value="mixed mode"/>
    <property name="java.vendor" value="Oracle Corporation"/>
    <property name="java.vm.version" value="25.231-b11"/>
    <property name="java.ext.dirs" value="/opt/jdk8/jre/lib/ext:/usr/java/packages/lib/ext"/>
    <property name="sun.io.unicode.encoding" value="UnicodeLittle"/>
    <property name="java.class.version" value="52.0"/>
  </properties>
  <testcase name="contextLoads" classname="com.example.demo.DemoApplicationTests" time="0.277"/>
</testsuite>